[debug] [2018-08-18T08:51:16.809Z] ----------------------------------------------------------------------
[debug] [2018-08-18T08:51:16.813Z] Command:       C:\Program Files\nodejs\node.exe C:\Users\usuario\AppData\Roaming\npm\node_modules\firebase-tools\bin\firebase deploy
[debug] [2018-08-18T08:51:16.813Z] CLI Version:   4.1.1
[debug] [2018-08-18T08:51:16.813Z] Platform:      win32
[debug] [2018-08-18T08:51:16.813Z] Node Version:  v8.11.2
[debug] [2018-08-18T08:51:16.815Z] Time:          Sat Aug 18 2018 03:51:16 GMT-0500 (Hora est. Pacífico, Sudamérica)
[debug] [2018-08-18T08:51:16.815Z] ----------------------------------------------------------------------
[debug] 
[debug] [2018-08-18T08:51:16.833Z] > command requires scopes: ["email","openid","https://www.googleapis.com/auth/cloudplatformprojects.readonly","https://www.googleapis.com/auth/firebase","https://www.googleapis.com/auth/cloud-platform"]
[debug] [2018-08-18T08:51:16.834Z] > authorizing via signed-in user
[debug] [2018-08-18T08:51:16.837Z] >>> HTTP REQUEST GET https://admin.firebase.com/v1/projects/yo-reporto-upc  
 
[debug] [2018-08-18T08:51:17.703Z] <<< HTTP RESPONSE 200
[debug] [2018-08-18T08:51:17.704Z] >>> HTTP REQUEST GET https://admin.firebase.com/v1/database/yo-reporto-upc/tokens  
 
[debug] [2018-08-18T08:51:18.271Z] <<< HTTP RESPONSE 200
[info] 
[info] === Deploying to 'yo-reporto-upc'...
[info] 
[info] i  deploying hosting
[debug] [2018-08-18T08:51:19.192Z] >>> HTTP REQUEST POST https://firebasehosting.googleapis.com/v1beta1/sites/yo-reporto-upc/versions  

[debug] [2018-08-18T08:51:20.933Z] <<< HTTP RESPONSE 200
[info] i  hosting: found 7 files in public directory
[debug] [2018-08-18T08:51:21.106Z] [hosting] hash cache [0] stored for 7 files
[debug] [2018-08-18T08:51:21.106Z] [hosting][hash queue][FINAL]
[debug] [2018-08-18T08:51:21.107Z] >>> HTTP REQUEST POST https://firebasehosting.googleapis.com/v1beta1/sites/yo-reporto-upc/versions/384e2abe24eae9f8:populateFiles  
 <request body omitted>
[debug] [2018-08-18T08:51:22.369Z] <<< HTTP RESPONSE 200
[debug] [2018-08-18T08:51:22.379Z] [hosting][populate queue][FINAL]
[debug] [2018-08-18T08:51:22.379Z] [hosting] uploads queued: 3
[debug] [2018-08-18T08:51:24.594Z] [hosting][upload queue][FINAL]
[info] +  hosting: file upload complete
[debug] [2018-08-18T08:51:24.595Z] [hosting] deploy completed after 3661ms
[info] i  hosting: finalizing version...
[debug] [2018-08-18T08:51:24.598Z] >>> HTTP REQUEST PATCH https://firebasehosting.googleapis.com/v1beta1/sites/yo-reporto-upc/versions/384e2abe24eae9f8?updateMask=status  

[debug] [2018-08-18T08:51:25.186Z] <<< HTTP RESPONSE 200
[debug] [2018-08-18T08:51:25.186Z] [hosting] finalized version:
[info] +  hosting: version finalized
[info] i  hosting: releasing new version...
[debug] [2018-08-18T08:51:25.190Z] >>> HTTP REQUEST POST https://firebasehosting.googleapis.com/v1beta1/sites/yo-reporto-upc/releases?version_name=sites/yo-reporto-upc/versions/384e2abe24eae9f8  

